<?xml version="1.0" encoding="UTF-8"?>
<!-- Generated by org.testng.reporters.JUnitXMLReporter -->
<testsuite ignored="0" hostname="LTIN263693" failures="2" tests="17" name="End-to-End WebTesting" time="67.56" errors="0" timestamp="2023-08-14T10:23:27 IST">
  <testcase classname="com.testing.testcases.TC01_Login" name="loginTest" time="2.192"/>
  <testcase classname="com.testing.testcases.TC01_Login" name="loginTest" time="1.205">
    <failure type="java.lang.AssertionError" message="null">
      <![CDATA[java.lang.AssertionError: null
at com.testing.testcases.TC01_Login.loginTest(TC01_Login.java:38)
at java.base/java.util.ArrayList.forEach(ArrayList.java:1511)
... Removed 29 stack frames]]>
    </failure>
  </testcase> <!-- loginTest -->
  <testcase classname="com.testing.testcases.TC01_Login" name="loginTest" time="1.256"/>
  <testcase classname="com.testing.testcases.TC01_Login" name="loginTest" time="0.9">
    <failure type="java.lang.AssertionError" message="null">
      <![CDATA[java.lang.AssertionError: null
at com.testing.testcases.TC01_Login.loginTest(TC01_Login.java:38)
at java.base/java.util.ArrayList.forEach(ArrayList.java:1511)
... Removed 29 stack frames]]>
    </failure>
  </testcase> <!-- loginTest -->
  <testcase classname="com.testing.testcases.TC01_Login" name="loginTest" time="6.259"/>
  <testcase classname="com.testing.testcases.TC02_SortProducts" name="login" time="1.276"/>
  <testcase classname="com.testing.testcases.TC02_SortProducts" name="sorting" time="0.773"/>
  <testcase classname="com.testing.testcases.TC02_SortProducts" name="sorting" time="0.543"/>
  <testcase classname="com.testing.testcases.TC02_SortProducts" name="sorting" time="0.735"/>
  <testcase classname="com.testing.testcases.TC02_SortProducts" name="sorting" time="0.736"/>
  <testcase classname="com.testing.testcases.TC03_AddToCart" name="login" time="0.709"/>
  <testcase classname="com.testing.testcases.TC03_AddToCart" name="addProductToCart" time="1.294"/>
  <testcase classname="com.testing.testcases.TC03_AddToCart" name="removeProductFromCart" time="0.416"/>
  <testcase classname="com.testing.testcases.TC04_Checkout" name="login" time="1.898"/>
  <testcase classname="com.testing.testcases.TC04_Checkout" name="addProductToCart" time="1.324"/>
  <testcase classname="com.testing.testcases.TC04_Checkout" name="checkoutTheProduct" time="0.902"/>
  <testcase classname="com.testing.testcases.TC04_Checkout" name="finishCheckout" time="0.591"/>
</testsuite> <!-- End-to-End WebTesting -->
