<html>
<head>
<title>TestNG:  End-to-End WebTesting</title>
<link href="../testng.css" rel="stylesheet" type="text/css" />
<link href="../my-testng.css" rel="stylesheet" type="text/css" />

<style type="text/css">
.log { display: none;} 
.stack-trace { display: none;} 
</style>
<script type="text/javascript">
<!--
function flip(e) {
  current = e.style.display;
  if (current == 'block') {
    e.style.display = 'none';
    return 0;
  }
  else {
    e.style.display = 'block';
    return 1;
  }
}

function toggleBox(szDivId, elem, msg1, msg2)
{
  var res = -1;  if (document.getElementById) {
    res = flip(document.getElementById(szDivId));
  }
  else if (document.all) {
    // this is the way old msie versions work
    res = flip(document.all[szDivId]);
  }
  if(elem) {
    if(res == 0) elem.innerHTML = msg1; else elem.innerHTML = msg2;
  }

}

function toggleAllBoxes() {
  if (document.getElementsByTagName) {
    d = document.getElementsByTagName('div');
    for (i = 0; i < d.length; i++) {
      if (d[i].className == 'log') {
        flip(d[i]);
      }
    }
  }
}

// -->
</script>

</head>
<body>
<h2 align='center'>End-to-End WebTesting</h2><table border='1' align="center">
<tr>
<td>Tests passed/Failed/Skipped:</td><td>15/2/0</td>
</tr><tr>
<td>Started on:</td><td>Mon Aug 14 15:02:13 IST 2023</td>
</tr>
<tr><td>Total time:</td><td>21 seconds (21658 ms)</td>
</tr><tr>
<td>Included groups:</td><td></td>
</tr><tr>
<td>Excluded groups:</td><td></td>
</tr>
</table><p/>
<small><i>(Hover the method name to see the test class name)</i></small><p/>
<table width='100%' border='1' class='invocation-failed'>
<tr><td colspan='4' align='center'><b>FAILED TESTS</b></td></tr>
<tr><td><b>Test method</b></td>
<td><b>Attribute(s)</b></td>
<td width="30%"><b>Exception</b></td>
<td width="10%"><b>Time (seconds)</b></td>
<td><b>Instance</b></td>
</tr>
<tr>
<td title='com.testing.testcases.TC01_Login.loginTest()'><b>loginTest</b><br>Test class: com.testing.testcases.TC01_Login<br>Parameters: locked_out_user, secret_sauce</td>
<td><div><pre>java.lang.AssertionError: null
	at com.testing.testcases.TC01_Login.loginTest(TC01_Login.java:38)
	at java.base/java.util.ArrayList.forEach(ArrayList.java:1511)
... Removed 33 stack frames</pre></div><a href='#' onClick='toggleBox("stack-trace1407713529", this, "Click to show all stack frames", "Click to hide stack frames")'>Click to show all stack frames</a>
<div class='stack-trace' id='stack-trace1407713529'><pre>java.lang.AssertionError: null
	at org.testng.Assert.fail(Assert.java:110)
	at org.testng.Assert.fail(Assert.java:115)
	at com.testing.testcases.TC01_Login.loginTest(TC01_Login.java:38)
	at java.base/jdk.internal.reflect.NativeMethodAccessorImpl.invoke0(Native Method)
	at java.base/jdk.internal.reflect.NativeMethodAccessorImpl.invoke(NativeMethodAccessorImpl.java:62)
	at java.base/jdk.internal.reflect.DelegatingMethodAccessorImpl.invoke(DelegatingMethodAccessorImpl.java:43)
	at java.base/java.lang.reflect.Method.invoke(Method.java:564)
	at org.testng.internal.invokers.MethodInvocationHelper.invokeMethod(MethodInvocationHelper.java:139)
	at org.testng.internal.invokers.TestInvoker.invokeMethod(TestInvoker.java:677)
	at org.testng.internal.invokers.TestInvoker.invokeTestMethod(TestInvoker.java:221)
	at org.testng.internal.invokers.MethodRunner.runInSequence(MethodRunner.java:50)
	at org.testng.internal.invokers.TestInvoker$MethodInvocationAgent.invoke(TestInvoker.java:969)
	at org.testng.internal.invokers.TestInvoker.invokeTestMethods(TestInvoker.java:194)
	at org.testng.internal.invokers.TestMethodWorker.invokeTestMethods(TestMethodWorker.java:148)
	at org.testng.internal.invokers.TestMethodWorker.run(TestMethodWorker.java:128)
	at java.base/java.util.ArrayList.forEach(ArrayList.java:1511)
	at org.testng.TestRunner.privateRun(TestRunner.java:829)
	at org.testng.TestRunner.run(TestRunner.java:602)
	at org.testng.SuiteRunner.runTest(SuiteRunner.java:437)
	at org.testng.SuiteRunner.runSequentially(SuiteRunner.java:431)
	at org.testng.SuiteRunner.privateRun(SuiteRunner.java:391)
	at org.testng.SuiteRunner.run(SuiteRunner.java:330)
	at org.testng.SuiteRunnerWorker.runSuite(SuiteRunnerWorker.java:52)
	at org.testng.SuiteRunnerWorker.run(SuiteRunnerWorker.java:95)
	at org.testng.TestNG.runSuitesSequentially(TestNG.java:1256)
	at org.testng.TestNG.runSuitesLocally(TestNG.java:1176)
	at org.testng.TestNG.runSuites(TestNG.java:1099)
	at org.testng.TestNG.run(TestNG.java:1067)
	at org.apache.maven.surefire.testng.TestNGExecutor.run(TestNGExecutor.java:308)
	at org.apache.maven.surefire.testng.TestNGXmlTestSuite.execute(TestNGXmlTestSuite.java:71)
	at org.apache.maven.surefire.testng.TestNGProvider.invoke(TestNGProvider.java:113)
	at org.apache.maven.surefire.booter.ForkedBooter.runSuitesInProcess(ForkedBooter.java:385)
	at org.apache.maven.surefire.booter.ForkedBooter.execute(ForkedBooter.java:162)
	at org.apache.maven.surefire.booter.ForkedBooter.run(ForkedBooter.java:507)
	at org.apache.maven.surefire.booter.ForkedBooter.main(ForkedBooter.java:495)
</pre></div></td>
<td>0</td>
<td>com.testing.testcases.TC01_Login@77fbd92c</td></tr>
<tr>
<td title='com.testing.testcases.TC01_Login.loginTest()'><b>loginTest</b><br>Test class: com.testing.testcases.TC01_Login<br>Parameters: wrong_user, wrong_password</td>
<td><div><pre>java.lang.AssertionError: null
	at com.testing.testcases.TC01_Login.loginTest(TC01_Login.java:38)
	at java.base/java.util.ArrayList.forEach(ArrayList.java:1511)
... Removed 33 stack frames</pre></div><a href='#' onClick='toggleBox("stack-trace388444787", this, "Click to show all stack frames", "Click to hide stack frames")'>Click to show all stack frames</a>
<div class='stack-trace' id='stack-trace388444787'><pre>java.lang.AssertionError: null
	at org.testng.Assert.fail(Assert.java:110)
	at org.testng.Assert.fail(Assert.java:115)
	at com.testing.testcases.TC01_Login.loginTest(TC01_Login.java:38)
	at java.base/jdk.internal.reflect.NativeMethodAccessorImpl.invoke0(Native Method)
	at java.base/jdk.internal.reflect.NativeMethodAccessorImpl.invoke(NativeMethodAccessorImpl.java:62)
	at java.base/jdk.internal.reflect.DelegatingMethodAccessorImpl.invoke(DelegatingMethodAccessorImpl.java:43)
	at java.base/java.lang.reflect.Method.invoke(Method.java:564)
	at org.testng.internal.invokers.MethodInvocationHelper.invokeMethod(MethodInvocationHelper.java:139)
	at org.testng.internal.invokers.TestInvoker.invokeMethod(TestInvoker.java:677)
	at org.testng.internal.invokers.TestInvoker.invokeTestMethod(TestInvoker.java:221)
	at org.testng.internal.invokers.MethodRunner.runInSequence(MethodRunner.java:50)
	at org.testng.internal.invokers.TestInvoker$MethodInvocationAgent.invoke(TestInvoker.java:969)
	at org.testng.internal.invokers.TestInvoker.invokeTestMethods(TestInvoker.java:194)
	at org.testng.internal.invokers.TestMethodWorker.invokeTestMethods(TestMethodWorker.java:148)
	at org.testng.internal.invokers.TestMethodWorker.run(TestMethodWorker.java:128)
	at java.base/java.util.ArrayList.forEach(ArrayList.java:1511)
	at org.testng.TestRunner.privateRun(TestRunner.java:829)
	at org.testng.TestRunner.run(TestRunner.java:602)
	at org.testng.SuiteRunner.runTest(SuiteRunner.java:437)
	at org.testng.SuiteRunner.runSequentially(SuiteRunner.java:431)
	at org.testng.SuiteRunner.privateRun(SuiteRunner.java:391)
	at org.testng.SuiteRunner.run(SuiteRunner.java:330)
	at org.testng.SuiteRunnerWorker.runSuite(SuiteRunnerWorker.java:52)
	at org.testng.SuiteRunnerWorker.run(SuiteRunnerWorker.java:95)
	at org.testng.TestNG.runSuitesSequentially(TestNG.java:1256)
	at org.testng.TestNG.runSuitesLocally(TestNG.java:1176)
	at org.testng.TestNG.runSuites(TestNG.java:1099)
	at org.testng.TestNG.run(TestNG.java:1067)
	at org.apache.maven.surefire.testng.TestNGExecutor.run(TestNGExecutor.java:308)
	at org.apache.maven.surefire.testng.TestNGXmlTestSuite.execute(TestNGXmlTestSuite.java:71)
	at org.apache.maven.surefire.testng.TestNGProvider.invoke(TestNGProvider.java:113)
	at org.apache.maven.surefire.booter.ForkedBooter.runSuitesInProcess(ForkedBooter.java:385)
	at org.apache.maven.surefire.booter.ForkedBooter.execute(ForkedBooter.java:162)
	at org.apache.maven.surefire.booter.ForkedBooter.run(ForkedBooter.java:507)
	at org.apache.maven.surefire.booter.ForkedBooter.main(ForkedBooter.java:495)
</pre></div></td>
<td>0</td>
<td>com.testing.testcases.TC01_Login@77fbd92c</td></tr>
</table><p>
<table width='100%' border='1' class='invocation-passed'>
<tr><td colspan='4' align='center'><b>PASSED TESTS</b></td></tr>
<tr><td><b>Test method</b></td>
<td><b>Attribute(s)</b></td>
<td width="30%"><b>Exception</b></td>
<td width="10%"><b>Time (seconds)</b></td>
<td><b>Instance</b></td>
</tr>
<tr>
<td title='com.testing.testcases.TC01_Login.loginTest()'><b>loginTest</b><br>Test class: com.testing.testcases.TC01_Login<br>Parameters: standard_user, secret_sauce</td>
<td></td>
<td>0</td>
<td>com.testing.testcases.TC01_Login@77fbd92c</td></tr>
<tr>
<td title='com.testing.testcases.TC03_AddToCart.removeProductFromCart()'><b>removeProductFromCart</b><br>Test class: com.testing.testcases.TC03_AddToCart</td>
<td></td>
<td>0</td>
<td>com.testing.testcases.TC03_AddToCart@130d63be</td></tr>
<tr>
<td title='com.testing.testcases.TC03_AddToCart.addProductToCart()'><b>addProductToCart</b><br>Test class: com.testing.testcases.TC03_AddToCart</td>
<td></td>
<td>0</td>
<td>com.testing.testcases.TC03_AddToCart@130d63be</td></tr>
<tr>
<td title='com.testing.testcases.TC02_SortProducts.sorting()'><b>sorting</b><br>Test class: com.testing.testcases.TC02_SortProducts<br>Parameters: Name (A to Z)</td>
<td></td>
<td>0</td>
<td>com.testing.testcases.TC02_SortProducts@6cf0e0ba</td></tr>
<tr>
<td title='com.testing.testcases.TC01_Login.loginTest()'><b>loginTest</b><br>Test class: com.testing.testcases.TC01_Login<br>Parameters: performance_glitch_user, secret_sauce</td>
<td></td>
<td>5</td>
<td>com.testing.testcases.TC01_Login@77fbd92c</td></tr>
<tr>
<td title='com.testing.testcases.TC02_SortProducts.login()'><b>login</b><br>Test class: com.testing.testcases.TC02_SortProducts<br>Parameters: standard_user, secret_sauce</td>
<td></td>
<td>0</td>
<td>com.testing.testcases.TC02_SortProducts@6cf0e0ba</td></tr>
<tr>
<td title='com.testing.testcases.TC02_SortProducts.sorting()'><b>sorting</b><br>Test class: com.testing.testcases.TC02_SortProducts<br>Parameters: Price (low to high)</td>
<td></td>
<td>0</td>
<td>com.testing.testcases.TC02_SortProducts@6cf0e0ba</td></tr>
<tr>
<td title='com.testing.testcases.TC04_Checkout.addProductToCart()'><b>addProductToCart</b><br>Test class: com.testing.testcases.TC04_Checkout</td>
<td></td>
<td>0</td>
<td>com.testing.testcases.TC04_Checkout@42a48628</td></tr>
<tr>
<td title='com.testing.testcases.TC01_Login.loginTest()'><b>loginTest</b><br>Test class: com.testing.testcases.TC01_Login<br>Parameters: problem_user, secret_sauce</td>
<td></td>
<td>0</td>
<td>com.testing.testcases.TC01_Login@77fbd92c</td></tr>
<tr>
<td title='com.testing.testcases.TC04_Checkout.checkoutTheProduct()'><b>checkoutTheProduct</b><br>Test class: com.testing.testcases.TC04_Checkout<br>Parameters: Sample, user, 54321</td>
<td></td>
<td>0</td>
<td>com.testing.testcases.TC04_Checkout@42a48628</td></tr>
<tr>
<td title='com.testing.testcases.TC03_AddToCart.login()'><b>login</b><br>Test class: com.testing.testcases.TC03_AddToCart<br>Parameters: standard_user, secret_sauce</td>
<td></td>
<td>0</td>
<td>com.testing.testcases.TC03_AddToCart@130d63be</td></tr>
<tr>
<td title='com.testing.testcases.TC04_Checkout.finishCheckout()'><b>finishCheckout</b><br>Test class: com.testing.testcases.TC04_Checkout</td>
<td></td>
<td>0</td>
<td>com.testing.testcases.TC04_Checkout@42a48628</td></tr>
<tr>
<td title='com.testing.testcases.TC02_SortProducts.sorting()'><b>sorting</b><br>Test class: com.testing.testcases.TC02_SortProducts<br>Parameters: Name (Z to A)</td>
<td></td>
<td>0</td>
<td>com.testing.testcases.TC02_SortProducts@6cf0e0ba</td></tr>
<tr>
<td title='com.testing.testcases.TC02_SortProducts.sorting()'><b>sorting</b><br>Test class: com.testing.testcases.TC02_SortProducts<br>Parameters: Price (high to low)</td>
<td></td>
<td>0</td>
<td>com.testing.testcases.TC02_SortProducts@6cf0e0ba</td></tr>
<tr>
<td title='com.testing.testcases.TC04_Checkout.login()'><b>login</b><br>Test class: com.testing.testcases.TC04_Checkout<br>Parameters: standard_user, secret_sauce</td>
<td></td>
<td>0</td>
<td>com.testing.testcases.TC04_Checkout@42a48628</td></tr>
</table><p>
</body>
</html>