<?xml version="1.0" encoding="UTF-8"?>
<!-- Generated by org.testng.reporters.JUnitXMLReporter -->
<testsuite ignored="0" hostname="Logan" failures="2" tests="17" name="End-to-End WebTesting" time="29.03" errors="0" timestamp="2023-08-14T14:50:26 IST">
  <testcase classname="com.testing.testcases.TC01_Login" name="loginTest" time="0.769"/>
  <testcase classname="com.testing.testcases.TC01_Login" name="loginTest" time="0.492">
    <failure type="java.lang.AssertionError" message="null">
      <![CDATA[java.lang.AssertionError: null
at com.testing.testcases.TC01_Login.loginTest(TC01_Login.java:38)
at java.base/java.util.ArrayList.forEach(ArrayList.java:1511)
... Removed 33 stack frames]]>
    </failure>
  </testcase> <!-- loginTest -->
  <testcase classname="com.testing.testcases.TC01_Login" name="loginTest" time="0.583"/>
  <testcase classname="com.testing.testcases.TC01_Login" name="loginTest" time="0.341">
    <failure type="java.lang.AssertionError" message="null">
      <![CDATA[java.lang.AssertionError: null
at com.testing.testcases.TC01_Login.loginTest(TC01_Login.java:38)
at java.base/java.util.ArrayList.forEach(ArrayList.java:1511)
... Removed 33 stack frames]]>
    </failure>
  </testcase> <!-- loginTest -->
  <testcase classname="com.testing.testcases.TC01_Login" name="loginTest" time="5.514"/>
  <testcase classname="com.testing.testcases.TC02_SortProducts" name="login" time="0.408"/>
  <testcase classname="com.testing.testcases.TC02_SortProducts" name="sorting" time="0.383"/>
  <testcase classname="com.testing.testcases.TC02_SortProducts" name="sorting" time="0.316"/>
  <testcase classname="com.testing.testcases.TC02_SortProducts" name="sorting" time="0.327"/>
  <testcase classname="com.testing.testcases.TC02_SortProducts" name="sorting" time="0.316"/>
  <testcase classname="com.testing.testcases.TC03_AddToCart" name="login" time="0.393"/>
  <testcase classname="com.testing.testcases.TC03_AddToCart" name="addProductToCart" time="0.254"/>
  <testcase classname="com.testing.testcases.TC03_AddToCart" name="removeProductFromCart" time="0.068"/>
  <testcase classname="com.testing.testcases.TC04_Checkout" name="login" time="0.396"/>
  <testcase classname="com.testing.testcases.TC04_Checkout" name="addProductToCart" time="0.471"/>
  <testcase classname="com.testing.testcases.TC04_Checkout" name="checkoutTheProduct" time="0.448"/>
  <testcase classname="com.testing.testcases.TC04_Checkout" name="finishCheckout" time="0.179"/>
</testsuite> <!-- End-to-End WebTesting -->
