<?xml version="1.0" encoding="UTF-8"?>
<testng-results ignored="0" total="17" passed="15" failed="2" skipped="0">
  <reporter-output>
  </reporter-output>
  <suite started-at="2023-08-14T15:02:13 IST" name="Suite" finished-at="2023-08-14T15:02:34 IST" duration-ms="21658">
    <groups>
    </groups>
    <test started-at="2023-08-14T15:02:13 IST" name="End-to-End WebTesting" finished-at="2023-08-14T15:02:34 IST" duration-ms="21658">
      <class name="com.testing.testcases.TC03_AddToCart">
        <test-method is-config="true" signature="setup(java.lang.String)[pri:0, instance:com.testing.testcases.TC03_AddToCart@130d63be]" started-at="2023-08-14T15:02:29 IST" name="setup" finished-at="2023-08-14T15:02:31 IST" duration-ms="1883" status="PASS">
          <params>
            <param index="0">
              <value>
                <![CDATA[chrome]]>
              </value>
            </param>
          </params>
          <reporter-output>
          </reporter-output>
        </test-method> <!-- setup -->
        <test-method is-config="true" signature="initialize()[pri:0, instance:com.testing.testcases.TC03_AddToCart@130d63be]" started-at="2023-08-14T15:02:31 IST" name="initialize" finished-at="2023-08-14T15:02:31 IST" duration-ms="1" status="PASS">
          <reporter-output>
          </reporter-output>
        </test-method> <!-- initialize -->
        <test-method signature="login(java.lang.String,java.lang.String)[pri:0, instance:com.testing.testcases.TC03_AddToCart@130d63be]" started-at="2023-08-14T15:02:31 IST" name="login" data-provider="validLogin" finished-at="2023-08-14T15:02:31 IST" duration-ms="140" status="PASS">
          <params>
            <param index="0">
              <value>
                <![CDATA[standard_user]]>
              </value>
            </param>
            <param index="1">
              <value>
                <![CDATA[secret_sauce]]>
              </value>
            </param>
          </params>
          <reporter-output>
          </reporter-output>
        </test-method> <!-- login -->
        <test-method signature="addProductToCart()[pri:0, instance:com.testing.testcases.TC03_AddToCart@130d63be]" started-at="2023-08-14T15:02:31 IST" name="addProductToCart" finished-at="2023-08-14T15:02:31 IST" depends-on-methods="com.testing.testcases.TC03_AddToCart.login" duration-ms="182" status="PASS">
          <reporter-output>
          </reporter-output>
        </test-method> <!-- addProductToCart -->
        <test-method signature="removeProductFromCart()[pri:0, instance:com.testing.testcases.TC03_AddToCart@130d63be]" started-at="2023-08-14T15:02:31 IST" name="removeProductFromCart" finished-at="2023-08-14T15:02:31 IST" depends-on-methods="com.testing.testcases.TC03_AddToCart.addProductToCart" duration-ms="75" status="PASS">
          <reporter-output>
          </reporter-output>
        </test-method> <!-- removeProductFromCart -->
        <test-method is-config="true" signature="logOut()[pri:0, instance:com.testing.testcases.TC03_AddToCart@130d63be]" started-at="2023-08-14T15:02:31 IST" name="logOut" finished-at="2023-08-14T15:02:32 IST" duration-ms="120" status="PASS">
          <reporter-output>
          </reporter-output>
        </test-method> <!-- logOut -->
        <test-method is-config="true" signature="closeBrowser()[pri:0, instance:com.testing.testcases.TC03_AddToCart@130d63be]" started-at="2023-08-14T15:02:32 IST" name="closeBrowser" finished-at="2023-08-14T15:02:32 IST" duration-ms="16" status="PASS">
          <reporter-output>
          </reporter-output>
        </test-method> <!-- closeBrowser -->
      </class> <!-- com.testing.testcases.TC03_AddToCart -->
      <class name="com.testing.testcases.TC04_Checkout">
        <test-method is-config="true" signature="setup(java.lang.String)[pri:0, instance:com.testing.testcases.TC04_Checkout@42a48628]" started-at="2023-08-14T15:02:32 IST" name="setup" finished-at="2023-08-14T15:02:34 IST" duration-ms="1938" status="PASS">
          <params>
            <param index="0">
              <value>
                <![CDATA[chrome]]>
              </value>
            </param>
          </params>
          <reporter-output>
          </reporter-output>
        </test-method> <!-- setup -->
        <test-method is-config="true" signature="initialize()[pri:0, instance:com.testing.testcases.TC04_Checkout@42a48628]" started-at="2023-08-14T15:02:34 IST" name="initialize" finished-at="2023-08-14T15:02:34 IST" duration-ms="2" status="PASS">
          <reporter-output>
          </reporter-output>
        </test-method> <!-- initialize -->
        <test-method signature="login(java.lang.String,java.lang.String)[pri:0, instance:com.testing.testcases.TC04_Checkout@42a48628]" started-at="2023-08-14T15:02:34 IST" name="login" data-provider="validLogin" finished-at="2023-08-14T15:02:34 IST" duration-ms="135" status="PASS">
          <params>
            <param index="0">
              <value>
                <![CDATA[standard_user]]>
              </value>
            </param>
            <param index="1">
              <value>
                <![CDATA[secret_sauce]]>
              </value>
            </param>
          </params>
          <reporter-output>
          </reporter-output>
        </test-method> <!-- login -->
        <test-method signature="addProductToCart()[pri:0, instance:com.testing.testcases.TC04_Checkout@42a48628]" started-at="2023-08-14T15:02:34 IST" name="addProductToCart" finished-at="2023-08-14T15:02:34 IST" depends-on-methods="com.testing.testcases.TC04_Checkout.login" duration-ms="108" status="PASS">
          <reporter-output>
          </reporter-output>
        </test-method> <!-- addProductToCart -->
        <test-method signature="checkoutTheProduct(java.lang.String,java.lang.String,java.lang.String)[pri:0, instance:com.testing.testcases.TC04_Checkout@42a48628]" started-at="2023-08-14T15:02:34 IST" name="checkoutTheProduct" data-provider="billingInfo" finished-at="2023-08-14T15:02:34 IST" depends-on-methods="com.testing.testcases.TC04_Checkout.addProductToCart" duration-ms="171" status="PASS">
          <params>
            <param index="0">
              <value>
                <![CDATA[Sample]]>
              </value>
            </param>
            <param index="1">
              <value>
                <![CDATA[user]]>
              </value>
            </param>
            <param index="2">
              <value>
                <![CDATA[54321]]>
              </value>
            </param>
          </params>
          <reporter-output>
          </reporter-output>
        </test-method> <!-- checkoutTheProduct -->
        <test-method signature="finishCheckout()[pri:0, instance:com.testing.testcases.TC04_Checkout@42a48628]" started-at="2023-08-14T15:02:34 IST" name="finishCheckout" finished-at="2023-08-14T15:02:34 IST" depends-on-methods="com.testing.testcases.TC04_Checkout.checkoutTheProduct" duration-ms="72" status="PASS">
          <reporter-output>
          </reporter-output>
        </test-method> <!-- finishCheckout -->
        <test-method is-config="true" signature="logOut()[pri:0, instance:com.testing.testcases.TC04_Checkout@42a48628]" started-at="2023-08-14T15:02:34 IST" name="logOut" finished-at="2023-08-14T15:02:34 IST" duration-ms="120" status="PASS">
          <reporter-output>
          </reporter-output>
        </test-method> <!-- logOut -->
        <test-method is-config="true" signature="closeBrowser()[pri:0, instance:com.testing.testcases.TC04_Checkout@42a48628]" started-at="2023-08-14T15:02:34 IST" name="closeBrowser" finished-at="2023-08-14T15:02:34 IST" duration-ms="20" status="PASS">
          <reporter-output>
          </reporter-output>
        </test-method> <!-- closeBrowser -->
      </class> <!-- com.testing.testcases.TC04_Checkout -->
      <class name="com.testing.testcases.TC01_Login">
        <test-method is-config="true" signature="setup(java.lang.String)[pri:0, instance:com.testing.testcases.TC01_Login@77fbd92c]" started-at="2023-08-14T15:02:13 IST" name="setup" finished-at="2023-08-14T15:02:20 IST" duration-ms="7521" status="PASS">
          <params>
            <param index="0">
              <value>
                <![CDATA[chrome]]>
              </value>
            </param>
          </params>
          <reporter-output>
          </reporter-output>
        </test-method> <!-- setup -->
        <test-method is-config="true" signature="initialize()[pri:0, instance:com.testing.testcases.TC01_Login@77fbd92c]" started-at="2023-08-14T15:02:20 IST" name="initialize" finished-at="2023-08-14T15:02:20 IST" duration-ms="6" status="PASS">
          <reporter-output>
          </reporter-output>
        </test-method> <!-- initialize -->
        <test-method signature="loginTest(java.lang.String,java.lang.String)[pri:0, instance:com.testing.testcases.TC01_Login@77fbd92c]" started-at="2023-08-14T15:02:20 IST" name="loginTest" data-provider="loginData" finished-at="2023-08-14T15:02:21 IST" duration-ms="384" status="PASS">
          <params>
            <param index="0">
              <value>
                <![CDATA[standard_user]]>
              </value>
            </param>
            <param index="1">
              <value>
                <![CDATA[secret_sauce]]>
              </value>
            </param>
          </params>
          <reporter-output>
          </reporter-output>
        </test-method> <!-- loginTest -->
        <test-method signature="loginTest(java.lang.String,java.lang.String)[pri:0, instance:com.testing.testcases.TC01_Login@77fbd92c]" started-at="2023-08-14T15:02:21 IST" name="loginTest" data-provider="loginData" finished-at="2023-08-14T15:02:21 IST" duration-ms="161" status="FAIL">
          <params>
            <param index="0">
              <value>
                <![CDATA[locked_out_user]]>
              </value>
            </param>
            <param index="1">
              <value>
                <![CDATA[secret_sauce]]>
              </value>
            </param>
          </params>
          <exception class="java.lang.AssertionError">
            <message>
              <![CDATA[null]]>
            </message>
            <full-stacktrace>
              <![CDATA[java.lang.AssertionError: null
at org.testng.Assert.fail(Assert.java:110)
at org.testng.Assert.fail(Assert.java:115)
at com.testing.testcases.TC01_Login.loginTest(TC01_Login.java:38)
at java.base/jdk.internal.reflect.NativeMethodAccessorImpl.invoke0(Native Method)
at java.base/jdk.internal.reflect.NativeMethodAccessorImpl.invoke(NativeMethodAccessorImpl.java:62)
at java.base/jdk.internal.reflect.DelegatingMethodAccessorImpl.invoke(DelegatingMethodAccessorImpl.java:43)
at java.base/java.lang.reflect.Method.invoke(Method.java:564)
at org.testng.internal.invokers.MethodInvocationHelper.invokeMethod(MethodInvocationHelper.java:139)
at org.testng.internal.invokers.TestInvoker.invokeMethod(TestInvoker.java:677)
at org.testng.internal.invokers.TestInvoker.invokeTestMethod(TestInvoker.java:221)
at org.testng.internal.invokers.MethodRunner.runInSequence(MethodRunner.java:50)
at org.testng.internal.invokers.TestInvoker$MethodInvocationAgent.invoke(TestInvoker.java:969)
at org.testng.internal.invokers.TestInvoker.invokeTestMethods(TestInvoker.java:194)
at org.testng.internal.invokers.TestMethodWorker.invokeTestMethods(TestMethodWorker.java:148)
at org.testng.internal.invokers.TestMethodWorker.run(TestMethodWorker.java:128)
at java.base/java.util.ArrayList.forEach(ArrayList.java:1511)
at org.testng.TestRunner.privateRun(TestRunner.java:829)
at org.testng.TestRunner.run(TestRunner.java:602)
at org.testng.SuiteRunner.runTest(SuiteRunner.java:437)
at org.testng.SuiteRunner.runSequentially(SuiteRunner.java:431)
at org.testng.SuiteRunner.privateRun(SuiteRunner.java:391)
at org.testng.SuiteRunner.run(SuiteRunner.java:330)
at org.testng.SuiteRunnerWorker.runSuite(SuiteRunnerWorker.java:52)
at org.testng.SuiteRunnerWorker.run(SuiteRunnerWorker.java:95)
at org.testng.TestNG.runSuitesSequentially(TestNG.java:1256)
at org.testng.TestNG.runSuitesLocally(TestNG.java:1176)
at org.testng.TestNG.runSuites(TestNG.java:1099)
at org.testng.TestNG.run(TestNG.java:1067)
at org.apache.maven.surefire.testng.TestNGExecutor.run(TestNGExecutor.java:308)
at org.apache.maven.surefire.testng.TestNGXmlTestSuite.execute(TestNGXmlTestSuite.java:71)
at org.apache.maven.surefire.testng.TestNGProvider.invoke(TestNGProvider.java:113)
at org.apache.maven.surefire.booter.ForkedBooter.runSuitesInProcess(ForkedBooter.java:385)
at org.apache.maven.surefire.booter.ForkedBooter.execute(ForkedBooter.java:162)
at org.apache.maven.surefire.booter.ForkedBooter.run(ForkedBooter.java:507)
at org.apache.maven.surefire.booter.ForkedBooter.main(ForkedBooter.java:495)
]]>
            </full-stacktrace>
          </exception> <!-- java.lang.AssertionError -->
          <reporter-output>
          </reporter-output>
        </test-method> <!-- loginTest -->
        <test-method signature="loginTest(java.lang.String,java.lang.String)[pri:0, instance:com.testing.testcases.TC01_Login@77fbd92c]" started-at="2023-08-14T15:02:21 IST" name="loginTest" data-provider="loginData" finished-at="2023-08-14T15:02:21 IST" duration-ms="245" status="PASS">
          <params>
            <param index="0">
              <value>
                <![CDATA[problem_user]]>
              </value>
            </param>
            <param index="1">
              <value>
                <![CDATA[secret_sauce]]>
              </value>
            </param>
          </params>
          <reporter-output>
          </reporter-output>
        </test-method> <!-- loginTest -->
        <test-method signature="loginTest(java.lang.String,java.lang.String)[pri:0, instance:com.testing.testcases.TC01_Login@77fbd92c]" started-at="2023-08-14T15:02:21 IST" name="loginTest" data-provider="loginData" finished-at="2023-08-14T15:02:21 IST" duration-ms="124" status="FAIL">
          <params>
            <param index="0">
              <value>
                <![CDATA[wrong_user]]>
              </value>
            </param>
            <param index="1">
              <value>
                <![CDATA[wrong_password]]>
              </value>
            </param>
          </params>
          <exception class="java.lang.AssertionError">
            <message>
              <![CDATA[null]]>
            </message>
            <full-stacktrace>
              <![CDATA[java.lang.AssertionError: null
at org.testng.Assert.fail(Assert.java:110)
at org.testng.Assert.fail(Assert.java:115)
at com.testing.testcases.TC01_Login.loginTest(TC01_Login.java:38)
at java.base/jdk.internal.reflect.NativeMethodAccessorImpl.invoke0(Native Method)
at java.base/jdk.internal.reflect.NativeMethodAccessorImpl.invoke(NativeMethodAccessorImpl.java:62)
at java.base/jdk.internal.reflect.DelegatingMethodAccessorImpl.invoke(DelegatingMethodAccessorImpl.java:43)
at java.base/java.lang.reflect.Method.invoke(Method.java:564)
at org.testng.internal.invokers.MethodInvocationHelper.invokeMethod(MethodInvocationHelper.java:139)
at org.testng.internal.invokers.TestInvoker.invokeMethod(TestInvoker.java:677)
at org.testng.internal.invokers.TestInvoker.invokeTestMethod(TestInvoker.java:221)
at org.testng.internal.invokers.MethodRunner.runInSequence(MethodRunner.java:50)
at org.testng.internal.invokers.TestInvoker$MethodInvocationAgent.invoke(TestInvoker.java:969)
at org.testng.internal.invokers.TestInvoker.invokeTestMethods(TestInvoker.java:194)
at org.testng.internal.invokers.TestMethodWorker.invokeTestMethods(TestMethodWorker.java:148)
at org.testng.internal.invokers.TestMethodWorker.run(TestMethodWorker.java:128)
at java.base/java.util.ArrayList.forEach(ArrayList.java:1511)
at org.testng.TestRunner.privateRun(TestRunner.java:829)
at org.testng.TestRunner.run(TestRunner.java:602)
at org.testng.SuiteRunner.runTest(SuiteRunner.java:437)
at org.testng.SuiteRunner.runSequentially(SuiteRunner.java:431)
at org.testng.SuiteRunner.privateRun(SuiteRunner.java:391)
at org.testng.SuiteRunner.run(SuiteRunner.java:330)
at org.testng.SuiteRunnerWorker.runSuite(SuiteRunnerWorker.java:52)
at org.testng.SuiteRunnerWorker.run(SuiteRunnerWorker.java:95)
at org.testng.TestNG.runSuitesSequentially(TestNG.java:1256)
at org.testng.TestNG.runSuitesLocally(TestNG.java:1176)
at org.testng.TestNG.runSuites(TestNG.java:1099)
at org.testng.TestNG.run(TestNG.java:1067)
at org.apache.maven.surefire.testng.TestNGExecutor.run(TestNGExecutor.java:308)
at org.apache.maven.surefire.testng.TestNGXmlTestSuite.execute(TestNGXmlTestSuite.java:71)
at org.apache.maven.surefire.testng.TestNGProvider.invoke(TestNGProvider.java:113)
at org.apache.maven.surefire.booter.ForkedBooter.runSuitesInProcess(ForkedBooter.java:385)
at org.apache.maven.surefire.booter.ForkedBooter.execute(ForkedBooter.java:162)
at org.apache.maven.surefire.booter.ForkedBooter.run(ForkedBooter.java:507)
at org.apache.maven.surefire.booter.ForkedBooter.main(ForkedBooter.java:495)
]]>
            </full-stacktrace>
          </exception> <!-- java.lang.AssertionError -->
          <reporter-output>
          </reporter-output>
        </test-method> <!-- loginTest -->
        <test-method signature="loginTest(java.lang.String,java.lang.String)[pri:0, instance:com.testing.testcases.TC01_Login@77fbd92c]" started-at="2023-08-14T15:02:21 IST" name="loginTest" data-provider="loginData" finished-at="2023-08-14T15:02:26 IST" duration-ms="5233" status="PASS">
          <params>
            <param index="0">
              <value>
                <![CDATA[performance_glitch_user]]>
              </value>
            </param>
            <param index="1">
              <value>
                <![CDATA[secret_sauce]]>
              </value>
            </param>
          </params>
          <reporter-output>
          </reporter-output>
        </test-method> <!-- loginTest -->
        <test-method is-config="true" signature="closeBrowser()[pri:0, instance:com.testing.testcases.TC01_Login@77fbd92c]" started-at="2023-08-14T15:02:26 IST" name="closeBrowser" finished-at="2023-08-14T15:02:26 IST" duration-ms="17" status="PASS">
          <reporter-output>
          </reporter-output>
        </test-method> <!-- closeBrowser -->
      </class> <!-- com.testing.testcases.TC01_Login -->
      <class name="com.testing.testcases.TC02_SortProducts">
        <test-method is-config="true" signature="setup(java.lang.String)[pri:0, instance:com.testing.testcases.TC02_SortProducts@6cf0e0ba]" started-at="2023-08-14T15:02:26 IST" name="setup" finished-at="2023-08-14T15:02:28 IST" duration-ms="1915" status="PASS">
          <params>
            <param index="0">
              <value>
                <![CDATA[chrome]]>
              </value>
            </param>
          </params>
          <reporter-output>
          </reporter-output>
        </test-method> <!-- setup -->
        <test-method is-config="true" signature="initialize()[pri:0, instance:com.testing.testcases.TC02_SortProducts@6cf0e0ba]" started-at="2023-08-14T15:02:28 IST" name="initialize" finished-at="2023-08-14T15:02:28 IST" duration-ms="0" status="PASS">
          <reporter-output>
          </reporter-output>
        </test-method> <!-- initialize -->
        <test-method signature="login(java.lang.String,java.lang.String)[pri:0, instance:com.testing.testcases.TC02_SortProducts@6cf0e0ba]" started-at="2023-08-14T15:02:28 IST" name="login" data-provider="validLogin" finished-at="2023-08-14T15:02:29 IST" duration-ms="138" status="PASS">
          <params>
            <param index="0">
              <value>
                <![CDATA[standard_user]]>
              </value>
            </param>
            <param index="1">
              <value>
                <![CDATA[secret_sauce]]>
              </value>
            </param>
          </params>
          <reporter-output>
          </reporter-output>
        </test-method> <!-- login -->
        <test-method signature="sorting(java.lang.String)[pri:0, instance:com.testing.testcases.TC02_SortProducts@6cf0e0ba]" started-at="2023-08-14T15:02:29 IST" name="sorting" data-provider="sortValues" finished-at="2023-08-14T15:02:29 IST" depends-on-methods="com.testing.testcases.TC02_SortProducts.login" duration-ms="145" status="PASS">
          <params>
            <param index="0">
              <value>
                <![CDATA[Name (Z to A)]]>
              </value>
            </param>
          </params>
          <reporter-output>
          </reporter-output>
        </test-method> <!-- sorting -->
        <test-method signature="sorting(java.lang.String)[pri:0, instance:com.testing.testcases.TC02_SortProducts@6cf0e0ba]" started-at="2023-08-14T15:02:29 IST" name="sorting" data-provider="sortValues" finished-at="2023-08-14T15:02:29 IST" depends-on-methods="com.testing.testcases.TC02_SortProducts.login" duration-ms="111" status="PASS">
          <params>
            <param index="0">
              <value>
                <![CDATA[Name (A to Z)]]>
              </value>
            </param>
          </params>
          <reporter-output>
          </reporter-output>
        </test-method> <!-- sorting -->
        <test-method signature="sorting(java.lang.String)[pri:0, instance:com.testing.testcases.TC02_SortProducts@6cf0e0ba]" started-at="2023-08-14T15:02:29 IST" name="sorting" data-provider="sortValues" finished-at="2023-08-14T15:02:29 IST" depends-on-methods="com.testing.testcases.TC02_SortProducts.login" duration-ms="112" status="PASS">
          <params>
            <param index="0">
              <value>
                <![CDATA[Price (low to high)]]>
              </value>
            </param>
          </params>
          <reporter-output>
          </reporter-output>
        </test-method> <!-- sorting -->
        <test-method signature="sorting(java.lang.String)[pri:0, instance:com.testing.testcases.TC02_SortProducts@6cf0e0ba]" started-at="2023-08-14T15:02:29 IST" name="sorting" data-provider="sortValues" finished-at="2023-08-14T15:02:29 IST" depends-on-methods="com.testing.testcases.TC02_SortProducts.login" duration-ms="113" status="PASS">
          <params>
            <param index="0">
              <value>
                <![CDATA[Price (high to low)]]>
              </value>
            </param>
          </params>
          <reporter-output>
          </reporter-output>
        </test-method> <!-- sorting -->
        <test-method is-config="true" signature="logOut()[pri:0, instance:com.testing.testcases.TC02_SortProducts@6cf0e0ba]" started-at="2023-08-14T15:02:29 IST" name="logOut" finished-at="2023-08-14T15:02:29 IST" duration-ms="127" status="PASS">
          <reporter-output>
          </reporter-output>
        </test-method> <!-- logOut -->
        <test-method is-config="true" signature="closeBrowser()[pri:0, instance:com.testing.testcases.TC02_SortProducts@6cf0e0ba]" started-at="2023-08-14T15:02:29 IST" name="closeBrowser" finished-at="2023-08-14T15:02:29 IST" duration-ms="15" status="PASS">
          <reporter-output>
          </reporter-output>
        </test-method> <!-- closeBrowser -->
      </class> <!-- com.testing.testcases.TC02_SortProducts -->
    </test> <!-- End-to-End WebTesting -->
  </suite> <!-- Suite -->
</testng-results>
