<?xml version="1.0" encoding="UTF-8"?>
<testng-results ignored="0" total="17" passed="15" failed="2" skipped="0">
  <reporter-output>
  </reporter-output>
  <suite started-at="2023-08-14T10:22:18 IST" name="Suite" finished-at="2023-08-14T10:23:26 IST" duration-ms="67560">
    <groups>
    </groups>
    <test started-at="2023-08-14T10:22:18 IST" name="End-to-End WebTesting" finished-at="2023-08-14T10:23:26 IST" duration-ms="67560">
      <class name="com.testing.testcases.TC03_AddToCart">
        <test-method is-config="true" signature="setup(java.lang.String)[pri:0, instance:com.testing.testcases.TC03_AddToCart@7a35b0f5]" started-at="2023-08-14T10:23:02 IST" name="setup" finished-at="2023-08-14T10:23:09 IST" duration-ms="7748" status="PASS">
          <params>
            <param index="0">
              <value>
                <![CDATA[chrome]]>
              </value>
            </param>
          </params>
          <reporter-output>
          </reporter-output>
        </test-method> <!-- setup -->
        <test-method is-config="true" signature="initialize()[pri:0, instance:com.testing.testcases.TC03_AddToCart@7a35b0f5]" started-at="2023-08-14T10:23:09 IST" name="initialize" finished-at="2023-08-14T10:23:09 IST" duration-ms="41" status="PASS">
          <reporter-output>
          </reporter-output>
        </test-method> <!-- initialize -->
        <test-method signature="login(java.lang.String,java.lang.String)[pri:0, instance:com.testing.testcases.TC03_AddToCart@7a35b0f5]" started-at="2023-08-14T10:23:09 IST" name="login" data-provider="validLogin" finished-at="2023-08-14T10:23:10 IST" duration-ms="709" status="PASS">
          <params>
            <param index="0">
              <value>
                <![CDATA[standard_user]]>
              </value>
            </param>
            <param index="1">
              <value>
                <![CDATA[secret_sauce]]>
              </value>
            </param>
          </params>
          <reporter-output>
          </reporter-output>
        </test-method> <!-- login -->
        <test-method signature="addProductToCart()[pri:0, instance:com.testing.testcases.TC03_AddToCart@7a35b0f5]" started-at="2023-08-14T10:23:10 IST" name="addProductToCart" finished-at="2023-08-14T10:23:11 IST" depends-on-methods="com.testing.testcases.TC03_AddToCart.login" duration-ms="1294" status="PASS">
          <reporter-output>
          </reporter-output>
        </test-method> <!-- addProductToCart -->
        <test-method signature="removeProductFromCart()[pri:0, instance:com.testing.testcases.TC03_AddToCart@7a35b0f5]" started-at="2023-08-14T10:23:11 IST" name="removeProductFromCart" finished-at="2023-08-14T10:23:12 IST" depends-on-methods="com.testing.testcases.TC03_AddToCart.addProductToCart" duration-ms="416" status="PASS">
          <reporter-output>
          </reporter-output>
        </test-method> <!-- removeProductFromCart -->
        <test-method is-config="true" signature="logOut()[pri:0, instance:com.testing.testcases.TC03_AddToCart@7a35b0f5]" started-at="2023-08-14T10:23:12 IST" name="logOut" finished-at="2023-08-14T10:23:12 IST" duration-ms="318" status="PASS">
          <reporter-output>
          </reporter-output>
        </test-method> <!-- logOut -->
        <test-method is-config="true" signature="closeBrowser()[pri:0, instance:com.testing.testcases.TC03_AddToCart@7a35b0f5]" started-at="2023-08-14T10:23:12 IST" name="closeBrowser" finished-at="2023-08-14T10:23:12 IST" duration-ms="205" status="PASS">
          <reporter-output>
          </reporter-output>
        </test-method> <!-- closeBrowser -->
      </class> <!-- com.testing.testcases.TC03_AddToCart -->
      <class name="com.testing.testcases.TC04_Checkout">
        <test-method is-config="true" signature="setup(java.lang.String)[pri:0, instance:com.testing.testcases.TC04_Checkout@5e2c3d18]" started-at="2023-08-14T10:23:12 IST" name="setup" finished-at="2023-08-14T10:23:20 IST" duration-ms="7773" status="PASS">
          <params>
            <param index="0">
              <value>
                <![CDATA[chrome]]>
              </value>
            </param>
          </params>
          <reporter-output>
          </reporter-output>
        </test-method> <!-- setup -->
        <test-method is-config="true" signature="initialize()[pri:0, instance:com.testing.testcases.TC04_Checkout@5e2c3d18]" started-at="2023-08-14T10:23:20 IST" name="initialize" finished-at="2023-08-14T10:23:20 IST" duration-ms="151" status="PASS">
          <reporter-output>
          </reporter-output>
        </test-method> <!-- initialize -->
        <test-method signature="login(java.lang.String,java.lang.String)[pri:0, instance:com.testing.testcases.TC04_Checkout@5e2c3d18]" started-at="2023-08-14T10:23:20 IST" name="login" data-provider="validLogin" finished-at="2023-08-14T10:23:22 IST" duration-ms="1898" status="PASS">
          <params>
            <param index="0">
              <value>
                <![CDATA[standard_user]]>
              </value>
            </param>
            <param index="1">
              <value>
                <![CDATA[secret_sauce]]>
              </value>
            </param>
          </params>
          <reporter-output>
          </reporter-output>
        </test-method> <!-- login -->
        <test-method signature="addProductToCart()[pri:0, instance:com.testing.testcases.TC04_Checkout@5e2c3d18]" started-at="2023-08-14T10:23:22 IST" name="addProductToCart" finished-at="2023-08-14T10:23:24 IST" depends-on-methods="com.testing.testcases.TC04_Checkout.login" duration-ms="1324" status="PASS">
          <reporter-output>
          </reporter-output>
        </test-method> <!-- addProductToCart -->
        <test-method signature="checkoutTheProduct(java.lang.String,java.lang.String,java.lang.String)[pri:0, instance:com.testing.testcases.TC04_Checkout@5e2c3d18]" started-at="2023-08-14T10:23:24 IST" name="checkoutTheProduct" data-provider="billingInfo" finished-at="2023-08-14T10:23:24 IST" depends-on-methods="com.testing.testcases.TC04_Checkout.addProductToCart" duration-ms="902" status="PASS">
          <params>
            <param index="0">
              <value>
                <![CDATA[Sample]]>
              </value>
            </param>
            <param index="1">
              <value>
                <![CDATA[user]]>
              </value>
            </param>
            <param index="2">
              <value>
                <![CDATA[54321]]>
              </value>
            </param>
          </params>
          <reporter-output>
          </reporter-output>
        </test-method> <!-- checkoutTheProduct -->
        <test-method signature="finishCheckout()[pri:0, instance:com.testing.testcases.TC04_Checkout@5e2c3d18]" started-at="2023-08-14T10:23:24 IST" name="finishCheckout" finished-at="2023-08-14T10:23:25 IST" depends-on-methods="com.testing.testcases.TC04_Checkout.checkoutTheProduct" duration-ms="591" status="PASS">
          <reporter-output>
          </reporter-output>
        </test-method> <!-- finishCheckout -->
        <test-method is-config="true" signature="logOut()[pri:0, instance:com.testing.testcases.TC04_Checkout@5e2c3d18]" started-at="2023-08-14T10:23:25 IST" name="logOut" finished-at="2023-08-14T10:23:25 IST" duration-ms="350" status="PASS">
          <reporter-output>
          </reporter-output>
        </test-method> <!-- logOut -->
        <test-method is-config="true" signature="closeBrowser()[pri:0, instance:com.testing.testcases.TC04_Checkout@5e2c3d18]" started-at="2023-08-14T10:23:25 IST" name="closeBrowser" finished-at="2023-08-14T10:23:26 IST" duration-ms="245" status="PASS">
          <reporter-output>
          </reporter-output>
        </test-method> <!-- closeBrowser -->
      </class> <!-- com.testing.testcases.TC04_Checkout -->
      <class name="com.testing.testcases.TC01_Login">
        <test-method is-config="true" signature="setup(java.lang.String)[pri:0, instance:com.testing.testcases.TC01_Login@2d901eb0]" started-at="2023-08-14T10:22:20 IST" name="setup" finished-at="2023-08-14T10:22:35 IST" duration-ms="14864" status="PASS">
          <params>
            <param index="0">
              <value>
                <![CDATA[chrome]]>
              </value>
            </param>
          </params>
          <reporter-output>
          </reporter-output>
        </test-method> <!-- setup -->
        <test-method is-config="true" signature="initialize()[pri:0, instance:com.testing.testcases.TC01_Login@2d901eb0]" started-at="2023-08-14T10:22:35 IST" name="initialize" finished-at="2023-08-14T10:22:35 IST" duration-ms="103" status="PASS">
          <reporter-output>
          </reporter-output>
        </test-method> <!-- initialize -->
        <test-method signature="loginTest(java.lang.String,java.lang.String)[pri:0, instance:com.testing.testcases.TC01_Login@2d901eb0]" started-at="2023-08-14T10:22:35 IST" name="loginTest" data-provider="loginData" finished-at="2023-08-14T10:22:37 IST" duration-ms="2192" status="PASS">
          <params>
            <param index="0">
              <value>
                <![CDATA[standard_user]]>
              </value>
            </param>
            <param index="1">
              <value>
                <![CDATA[secret_sauce]]>
              </value>
            </param>
          </params>
          <reporter-output>
          </reporter-output>
        </test-method> <!-- loginTest -->
        <test-method signature="loginTest(java.lang.String,java.lang.String)[pri:0, instance:com.testing.testcases.TC01_Login@2d901eb0]" started-at="2023-08-14T10:22:37 IST" name="loginTest" data-provider="loginData" finished-at="2023-08-14T10:22:38 IST" duration-ms="1205" status="FAIL">
          <params>
            <param index="0">
              <value>
                <![CDATA[locked_out_user]]>
              </value>
            </param>
            <param index="1">
              <value>
                <![CDATA[secret_sauce]]>
              </value>
            </param>
          </params>
          <exception class="java.lang.AssertionError">
            <message>
              <![CDATA[null]]>
            </message>
            <full-stacktrace>
              <![CDATA[java.lang.AssertionError: null
at org.testng.Assert.fail(Assert.java:110)
at org.testng.Assert.fail(Assert.java:115)
at com.testing.testcases.TC01_Login.loginTest(TC01_Login.java:38)
at java.base/jdk.internal.reflect.NativeMethodAccessorImpl.invoke0(Native Method)
at java.base/jdk.internal.reflect.NativeMethodAccessorImpl.invoke(NativeMethodAccessorImpl.java:77)
at java.base/jdk.internal.reflect.DelegatingMethodAccessorImpl.invoke(DelegatingMethodAccessorImpl.java:43)
at java.base/java.lang.reflect.Method.invoke(Method.java:568)
at org.testng.internal.invokers.MethodInvocationHelper.invokeMethod(MethodInvocationHelper.java:139)
at org.testng.internal.invokers.TestInvoker.invokeMethod(TestInvoker.java:677)
at org.testng.internal.invokers.TestInvoker.invokeTestMethod(TestInvoker.java:221)
at org.testng.internal.invokers.MethodRunner.runInSequence(MethodRunner.java:50)
at org.testng.internal.invokers.TestInvoker$MethodInvocationAgent.invoke(TestInvoker.java:969)
at org.testng.internal.invokers.TestInvoker.invokeTestMethods(TestInvoker.java:194)
at org.testng.internal.invokers.TestMethodWorker.invokeTestMethods(TestMethodWorker.java:148)
at org.testng.internal.invokers.TestMethodWorker.run(TestMethodWorker.java:128)
at java.base/java.util.ArrayList.forEach(ArrayList.java:1511)
at org.testng.TestRunner.privateRun(TestRunner.java:829)
at org.testng.TestRunner.run(TestRunner.java:602)
at org.testng.SuiteRunner.runTest(SuiteRunner.java:437)
at org.testng.SuiteRunner.runSequentially(SuiteRunner.java:431)
at org.testng.SuiteRunner.privateRun(SuiteRunner.java:391)
at org.testng.SuiteRunner.run(SuiteRunner.java:330)
at org.testng.SuiteRunnerWorker.runSuite(SuiteRunnerWorker.java:52)
at org.testng.SuiteRunnerWorker.run(SuiteRunnerWorker.java:95)
at org.testng.TestNG.runSuitesSequentially(TestNG.java:1256)
at org.testng.TestNG.runSuitesLocally(TestNG.java:1176)
at org.testng.TestNG.runSuites(TestNG.java:1099)
at org.testng.TestNG.run(TestNG.java:1067)
at org.testng.remote.AbstractRemoteTestNG.run(AbstractRemoteTestNG.java:115)
at org.testng.remote.RemoteTestNG.initAndRun(RemoteTestNG.java:251)
at org.testng.remote.RemoteTestNG.main(RemoteTestNG.java:77)
]]>
            </full-stacktrace>
          </exception> <!-- java.lang.AssertionError -->
          <reporter-output>
          </reporter-output>
        </test-method> <!-- loginTest -->
        <test-method signature="loginTest(java.lang.String,java.lang.String)[pri:0, instance:com.testing.testcases.TC01_Login@2d901eb0]" started-at="2023-08-14T10:22:39 IST" name="loginTest" data-provider="loginData" finished-at="2023-08-14T10:22:40 IST" duration-ms="1256" status="PASS">
          <params>
            <param index="0">
              <value>
                <![CDATA[problem_user]]>
              </value>
            </param>
            <param index="1">
              <value>
                <![CDATA[secret_sauce]]>
              </value>
            </param>
          </params>
          <reporter-output>
          </reporter-output>
        </test-method> <!-- loginTest -->
        <test-method signature="loginTest(java.lang.String,java.lang.String)[pri:0, instance:com.testing.testcases.TC01_Login@2d901eb0]" started-at="2023-08-14T10:22:40 IST" name="loginTest" data-provider="loginData" finished-at="2023-08-14T10:22:41 IST" duration-ms="900" status="FAIL">
          <params>
            <param index="0">
              <value>
                <![CDATA[wrong_user]]>
              </value>
            </param>
            <param index="1">
              <value>
                <![CDATA[wrong_password]]>
              </value>
            </param>
          </params>
          <exception class="java.lang.AssertionError">
            <message>
              <![CDATA[null]]>
            </message>
            <full-stacktrace>
              <![CDATA[java.lang.AssertionError: null
at org.testng.Assert.fail(Assert.java:110)
at org.testng.Assert.fail(Assert.java:115)
at com.testing.testcases.TC01_Login.loginTest(TC01_Login.java:38)
at java.base/jdk.internal.reflect.NativeMethodAccessorImpl.invoke0(Native Method)
at java.base/jdk.internal.reflect.NativeMethodAccessorImpl.invoke(NativeMethodAccessorImpl.java:77)
at java.base/jdk.internal.reflect.DelegatingMethodAccessorImpl.invoke(DelegatingMethodAccessorImpl.java:43)
at java.base/java.lang.reflect.Method.invoke(Method.java:568)
at org.testng.internal.invokers.MethodInvocationHelper.invokeMethod(MethodInvocationHelper.java:139)
at org.testng.internal.invokers.TestInvoker.invokeMethod(TestInvoker.java:677)
at org.testng.internal.invokers.TestInvoker.invokeTestMethod(TestInvoker.java:221)
at org.testng.internal.invokers.MethodRunner.runInSequence(MethodRunner.java:50)
at org.testng.internal.invokers.TestInvoker$MethodInvocationAgent.invoke(TestInvoker.java:969)
at org.testng.internal.invokers.TestInvoker.invokeTestMethods(TestInvoker.java:194)
at org.testng.internal.invokers.TestMethodWorker.invokeTestMethods(TestMethodWorker.java:148)
at org.testng.internal.invokers.TestMethodWorker.run(TestMethodWorker.java:128)
at java.base/java.util.ArrayList.forEach(ArrayList.java:1511)
at org.testng.TestRunner.privateRun(TestRunner.java:829)
at org.testng.TestRunner.run(TestRunner.java:602)
at org.testng.SuiteRunner.runTest(SuiteRunner.java:437)
at org.testng.SuiteRunner.runSequentially(SuiteRunner.java:431)
at org.testng.SuiteRunner.privateRun(SuiteRunner.java:391)
at org.testng.SuiteRunner.run(SuiteRunner.java:330)
at org.testng.SuiteRunnerWorker.runSuite(SuiteRunnerWorker.java:52)
at org.testng.SuiteRunnerWorker.run(SuiteRunnerWorker.java:95)
at org.testng.TestNG.runSuitesSequentially(TestNG.java:1256)
at org.testng.TestNG.runSuitesLocally(TestNG.java:1176)
at org.testng.TestNG.runSuites(TestNG.java:1099)
at org.testng.TestNG.run(TestNG.java:1067)
at org.testng.remote.AbstractRemoteTestNG.run(AbstractRemoteTestNG.java:115)
at org.testng.remote.RemoteTestNG.initAndRun(RemoteTestNG.java:251)
at org.testng.remote.RemoteTestNG.main(RemoteTestNG.java:77)
]]>
            </full-stacktrace>
          </exception> <!-- java.lang.AssertionError -->
          <reporter-output>
          </reporter-output>
        </test-method> <!-- loginTest -->
        <test-method signature="loginTest(java.lang.String,java.lang.String)[pri:0, instance:com.testing.testcases.TC01_Login@2d901eb0]" started-at="2023-08-14T10:22:41 IST" name="loginTest" data-provider="loginData" finished-at="2023-08-14T10:22:47 IST" duration-ms="6259" status="PASS">
          <params>
            <param index="0">
              <value>
                <![CDATA[performance_glitch_user]]>
              </value>
            </param>
            <param index="1">
              <value>
                <![CDATA[secret_sauce]]>
              </value>
            </param>
          </params>
          <reporter-output>
          </reporter-output>
        </test-method> <!-- loginTest -->
        <test-method is-config="true" signature="closeBrowser()[pri:0, instance:com.testing.testcases.TC01_Login@2d901eb0]" started-at="2023-08-14T10:22:47 IST" name="closeBrowser" finished-at="2023-08-14T10:22:48 IST" duration-ms="381" status="PASS">
          <reporter-output>
          </reporter-output>
        </test-method> <!-- closeBrowser -->
      </class> <!-- com.testing.testcases.TC01_Login -->
      <class name="com.testing.testcases.TC02_SortProducts">
        <test-method is-config="true" signature="setup(java.lang.String)[pri:0, instance:com.testing.testcases.TC02_SortProducts@48075da3]" started-at="2023-08-14T10:22:48 IST" name="setup" finished-at="2023-08-14T10:22:57 IST" duration-ms="9032" status="PASS">
          <params>
            <param index="0">
              <value>
                <![CDATA[chrome]]>
              </value>
            </param>
          </params>
          <reporter-output>
          </reporter-output>
        </test-method> <!-- setup -->
        <test-method is-config="true" signature="initialize()[pri:0, instance:com.testing.testcases.TC02_SortProducts@48075da3]" started-at="2023-08-14T10:22:57 IST" name="initialize" finished-at="2023-08-14T10:22:57 IST" duration-ms="2" status="PASS">
          <reporter-output>
          </reporter-output>
        </test-method> <!-- initialize -->
        <test-method signature="login(java.lang.String,java.lang.String)[pri:0, instance:com.testing.testcases.TC02_SortProducts@48075da3]" started-at="2023-08-14T10:22:57 IST" name="login" data-provider="validLogin" finished-at="2023-08-14T10:22:58 IST" duration-ms="1276" status="PASS">
          <params>
            <param index="0">
              <value>
                <![CDATA[standard_user]]>
              </value>
            </param>
            <param index="1">
              <value>
                <![CDATA[secret_sauce]]>
              </value>
            </param>
          </params>
          <reporter-output>
          </reporter-output>
        </test-method> <!-- login -->
        <test-method signature="sorting(java.lang.String)[pri:0, instance:com.testing.testcases.TC02_SortProducts@48075da3]" started-at="2023-08-14T10:22:58 IST" name="sorting" data-provider="sortValues" finished-at="2023-08-14T10:22:59 IST" depends-on-methods="com.testing.testcases.TC02_SortProducts.login" duration-ms="773" status="PASS">
          <params>
            <param index="0">
              <value>
                <![CDATA[Name (Z to A)]]>
              </value>
            </param>
          </params>
          <reporter-output>
          </reporter-output>
        </test-method> <!-- sorting -->
        <test-method signature="sorting(java.lang.String)[pri:0, instance:com.testing.testcases.TC02_SortProducts@48075da3]" started-at="2023-08-14T10:22:59 IST" name="sorting" data-provider="sortValues" finished-at="2023-08-14T10:22:59 IST" depends-on-methods="com.testing.testcases.TC02_SortProducts.login" duration-ms="543" status="PASS">
          <params>
            <param index="0">
              <value>
                <![CDATA[Name (A to Z)]]>
              </value>
            </param>
          </params>
          <reporter-output>
          </reporter-output>
        </test-method> <!-- sorting -->
        <test-method signature="sorting(java.lang.String)[pri:0, instance:com.testing.testcases.TC02_SortProducts@48075da3]" started-at="2023-08-14T10:22:59 IST" name="sorting" data-provider="sortValues" finished-at="2023-08-14T10:23:00 IST" depends-on-methods="com.testing.testcases.TC02_SortProducts.login" duration-ms="735" status="PASS">
          <params>
            <param index="0">
              <value>
                <![CDATA[Price (low to high)]]>
              </value>
            </param>
          </params>
          <reporter-output>
          </reporter-output>
        </test-method> <!-- sorting -->
        <test-method signature="sorting(java.lang.String)[pri:0, instance:com.testing.testcases.TC02_SortProducts@48075da3]" started-at="2023-08-14T10:23:00 IST" name="sorting" data-provider="sortValues" finished-at="2023-08-14T10:23:01 IST" depends-on-methods="com.testing.testcases.TC02_SortProducts.login" duration-ms="736" status="PASS">
          <params>
            <param index="0">
              <value>
                <![CDATA[Price (high to low)]]>
              </value>
            </param>
          </params>
          <reporter-output>
          </reporter-output>
        </test-method> <!-- sorting -->
        <test-method is-config="true" signature="logOut()[pri:0, instance:com.testing.testcases.TC02_SortProducts@48075da3]" started-at="2023-08-14T10:23:01 IST" name="logOut" finished-at="2023-08-14T10:23:01 IST" duration-ms="379" status="PASS">
          <reporter-output>
          </reporter-output>
        </test-method> <!-- logOut -->
        <test-method is-config="true" signature="closeBrowser()[pri:0, instance:com.testing.testcases.TC02_SortProducts@48075da3]" started-at="2023-08-14T10:23:01 IST" name="closeBrowser" finished-at="2023-08-14T10:23:02 IST" duration-ms="324" status="PASS">
          <reporter-output>
          </reporter-output>
        </test-method> <!-- closeBrowser -->
      </class> <!-- com.testing.testcases.TC02_SortProducts -->
    </test> <!-- End-to-End WebTesting -->
  </suite> <!-- Suite -->
</testng-results>
